Arguments: 
  /Users/illiashkurenko/.nvm/versions/node/v18.0.0/bin/node /usr/local/bin/yarn

PATH: 
  /Library/Frameworks/Python.framework/Versions/2.7/bin:/Library/Frameworks/Python.framework/Versions/3.6/bin:/opt/local/bin:/opt/local/sbin:/Users/illiashkurenko/.nvm/versions/node/v18.0.0/bin:/Library/Frameworks/Python.framework/Versions/2.7/bin:/Library/Frameworks/Python.framework/Versions/3.6/bin:/opt/local/bin:/opt/local/sbin:/Users/illiashkurenko/.rvm/gems/ruby-3.1.2/bin:/Users/illiashkurenko/.rvm/gems/ruby-3.1.2@global/bin:/Users/illiashkurenko/.rvm/rubies/ruby-3.1.2/bin:/Users/illiashkurenko/.pyenv/shims:/Library/Frameworks/Python.framework/Versions/3.11/bin:/Library/Frameworks/Python.framework/Versions/3.9/bin:/usr/local/bin:/usr/bin:/bin:/usr/sbin:/sbin:/usr/local/share/dotnet:/Library/Apple/usr/bin:/Library/Frameworks/Mono.framework/Versions/Current/Commands:/Users/illiashkurenko/count-words/node_modules/.bin:/Users/illiashkurenko/.rvm/bin:/Users/illiashkurenko/.rvm/bin:/Users/illiashkurenko/.rvm/bin

Yarn version: 
  1.22.17

Node version: 
  18.0.0

Platform: 
  darwin x64

Trace: 
  SyntaxError: /Users/illiashkurenko/count-words/package.json: Unexpected token } in JSON at position 357
      at JSON.parse (<anonymous>)
      at /usr/local/lib/node_modules/yarn/lib/cli.js:1625:59
      at Generator.next (<anonymous>)
      at step (/usr/local/lib/node_modules/yarn/lib/cli.js:310:30)
      at /usr/local/lib/node_modules/yarn/lib/cli.js:321:13

npm manifest: 
  {
    "name": "count-words",
    "version": "1.0.0",
    "description": "Serverless aws-nodejs-typescript template",
    "main": "serverless.ts",
    "scripts": {
      "test": "echo \"Error: no test specified\" && exit 1"
    },
    "engines": {
      "node": ">=14.15.0"
    },
    "dependencies": {
      "@middy/core": "^3.4.0",
      "@middy/http-json-body-parser": "^3.4.0",
    },
    "devDependencies": {
      "@serverless/typescript": "^3.0.0",
      "@types/aws-lambda": "^8.10.71",
      "@types/lambda-tester": "^4.0.3",
      "@types/node": "^14.14.25",
      "esbuild": "^0.14.11",
      "json-schema-to-ts": "^1.5.0",
      "serverless": "^3.0.0",
      "serverless-esbuild": "^1.23.3",
      "ts-node": "^10.4.0",
      "tsconfig-paths": "^3.9.0",
      "typescript": "^4.1.3",
      "lambda-tester": "^4.0.1"
    },
    "author": "The serverless webpack authors (https://github.com/elastic-coders/serverless-webpack)",
    "license": "MIT"
  }

yarn manifest: 
  No manifest

Lockfile: 
  No lockfile
